[2025-04-29 17:23:55] local.ERROR: Class "App\Providers\AuthServiceProvider" not found {"exception":"[object] (Error(code: 0): Class \"App\\Providers\\AuthServiceProvider\" not found at /project/sandbox/user-workspace/chat-app/vendor/laravel/framework/src/Illuminate/Foundation/ProviderRepository.php:205)
[stacktrace]
#0 /project/sandbox/user-workspace/chat-app/vendor/laravel/framework/src/Illuminate/Foundation/ProviderRepository.php(141): Illuminate\\Foundation\\ProviderRepository->createProvider()
#1 /project/sandbox/user-workspace/chat-app/vendor/laravel/framework/src/Illuminate/Foundation/ProviderRepository.php(60): Illuminate\\Foundation\\ProviderRepository->compileManifest()
#2 /project/sandbox/user-workspace/chat-app/vendor/laravel/framework/src/Illuminate/Foundation/Application.php(870): Illuminate\\Foundation\\ProviderRepository->load()
#3 /project/sandbox/user-workspace/chat-app/vendor/laravel/framework/src/Illuminate/Foundation/Bootstrap/RegisterProviders.php(37): Illuminate\\Foundation\\Application->registerConfiguredProviders()
#4 /project/sandbox/user-workspace/chat-app/vendor/laravel/framework/src/Illuminate/Foundation/Application.php(341): Illuminate\\Foundation\\Bootstrap\\RegisterProviders->bootstrap()
#5 /project/sandbox/user-workspace/chat-app/vendor/laravel/framework/src/Illuminate/Foundation/Console/Kernel.php(473): Illuminate\\Foundation\\Application->bootstrapWith()
#6 /project/sandbox/user-workspace/chat-app/vendor/laravel/framework/src/Illuminate/Foundation/Console/Kernel.php(195): Illuminate\\Foundation\\Console\\Kernel->bootstrap()
#7 /project/sandbox/user-workspace/chat-app/vendor/laravel/framework/src/Illuminate/Foundation/Application.php(1234): Illuminate\\Foundation\\Console\\Kernel->handle()
#8 /project/sandbox/user-workspace/chat-app/artisan(16): Illuminate\\Foundation\\Application->handleCommand()
#9 {main}
"} 
[2025-04-29 17:29:00] local.ERROR: Class "App\Providers\EventServiceProvider" not found {"exception":"[object] (Error(code: 0): Class \"App\\Providers\\EventServiceProvider\" not found at /project/sandbox/user-workspace/chat-app/vendor/laravel/framework/src/Illuminate/Foundation/ProviderRepository.php:205)
[stacktrace]
#0 /project/sandbox/user-workspace/chat-app/vendor/laravel/framework/src/Illuminate/Foundation/ProviderRepository.php(141): Illuminate\\Foundation\\ProviderRepository->createProvider()
#1 /project/sandbox/user-workspace/chat-app/vendor/laravel/framework/src/Illuminate/Foundation/ProviderRepository.php(60): Illuminate\\Foundation\\ProviderRepository->compileManifest()
#2 /project/sandbox/user-workspace/chat-app/vendor/laravel/framework/src/Illuminate/Foundation/Application.php(870): Illuminate\\Foundation\\ProviderRepository->load()
#3 /project/sandbox/user-workspace/chat-app/vendor/laravel/framework/src/Illuminate/Foundation/Bootstrap/RegisterProviders.php(37): Illuminate\\Foundation\\Application->registerConfiguredProviders()
#4 /project/sandbox/user-workspace/chat-app/vendor/laravel/framework/src/Illuminate/Foundation/Application.php(341): Illuminate\\Foundation\\Bootstrap\\RegisterProviders->bootstrap()
#5 /project/sandbox/user-workspace/chat-app/vendor/laravel/framework/src/Illuminate/Foundation/Console/Kernel.php(473): Illuminate\\Foundation\\Application->bootstrapWith()
#6 /project/sandbox/user-workspace/chat-app/vendor/laravel/framework/src/Illuminate/Foundation/Console/Kernel.php(195): Illuminate\\Foundation\\Console\\Kernel->bootstrap()
#7 /project/sandbox/user-workspace/chat-app/vendor/laravel/framework/src/Illuminate/Foundation/Application.php(1234): Illuminate\\Foundation\\Console\\Kernel->handle()
#8 /project/sandbox/user-workspace/chat-app/artisan(16): Illuminate\\Foundation\\Application->handleCommand()
#9 {main}
"} 
[2025-04-29 17:29:38] local.ERROR: Class "App\Providers\RouteServiceProvider" not found {"exception":"[object] (Error(code: 0): Class \"App\\Providers\\RouteServiceProvider\" not found at /project/sandbox/user-workspace/chat-app/vendor/laravel/framework/src/Illuminate/Foundation/ProviderRepository.php:205)
[stacktrace]
#0 /project/sandbox/user-workspace/chat-app/vendor/laravel/framework/src/Illuminate/Foundation/ProviderRepository.php(141): Illuminate\\Foundation\\ProviderRepository->createProvider()
#1 /project/sandbox/user-workspace/chat-app/vendor/laravel/framework/src/Illuminate/Foundation/ProviderRepository.php(60): Illuminate\\Foundation\\ProviderRepository->compileManifest()
#2 /project/sandbox/user-workspace/chat-app/vendor/laravel/framework/src/Illuminate/Foundation/Application.php(870): Illuminate\\Foundation\\ProviderRepository->load()
#3 /project/sandbox/user-workspace/chat-app/vendor/laravel/framework/src/Illuminate/Foundation/Bootstrap/RegisterProviders.php(37): Illuminate\\Foundation\\Application->registerConfiguredProviders()
#4 /project/sandbox/user-workspace/chat-app/vendor/laravel/framework/src/Illuminate/Foundation/Application.php(341): Illuminate\\Foundation\\Bootstrap\\RegisterProviders->bootstrap()
#5 /project/sandbox/user-workspace/chat-app/vendor/laravel/framework/src/Illuminate/Foundation/Console/Kernel.php(473): Illuminate\\Foundation\\Application->bootstrapWith()
#6 /project/sandbox/user-workspace/chat-app/vendor/laravel/framework/src/Illuminate/Foundation/Console/Kernel.php(195): Illuminate\\Foundation\\Console\\Kernel->bootstrap()
#7 /project/sandbox/user-workspace/chat-app/vendor/laravel/framework/src/Illuminate/Foundation/Application.php(1234): Illuminate\\Foundation\\Console\\Kernel->handle()
#8 /project/sandbox/user-workspace/chat-app/artisan(16): Illuminate\\Foundation\\Application->handleCommand()
#9 {main}
"} 
[2025-04-29 17:30:16] local.ERROR: require(/project/sandbox/user-workspace/chat-app/routes/api.php): Failed to open stream: No such file or directory {"exception":"[object] (ErrorException(code: 0): require(/project/sandbox/user-workspace/chat-app/routes/api.php): Failed to open stream: No such file or directory at /project/sandbox/user-workspace/chat-app/vendor/laravel/framework/src/Illuminate/Routing/RouteFileRegistrar.php:34)
[stacktrace]
#0 /project/sandbox/user-workspace/chat-app/vendor/laravel/framework/src/Illuminate/Foundation/Bootstrap/HandleExceptions.php(256): Illuminate\\Foundation\\Bootstrap\\HandleExceptions->handleError()
#1 /project/sandbox/user-workspace/chat-app/vendor/laravel/framework/src/Illuminate/Routing/RouteFileRegistrar.php(34): Illuminate\\Foundation\\Bootstrap\\HandleExceptions->Illuminate\\Foundation\\Bootstrap\\{closure}()
#2 /project/sandbox/user-workspace/chat-app/vendor/laravel/framework/src/Illuminate/Routing/RouteFileRegistrar.php(34): require('...')
#3 /project/sandbox/user-workspace/chat-app/vendor/laravel/framework/src/Illuminate/Routing/Router.php(512): Illuminate\\Routing\\RouteFileRegistrar->register()
#4 /project/sandbox/user-workspace/chat-app/vendor/laravel/framework/src/Illuminate/Routing/Router.php(466): Illuminate\\Routing\\Router->loadRoutes()
#5 /project/sandbox/user-workspace/chat-app/vendor/laravel/framework/src/Illuminate/Routing/RouteRegistrar.php(206): Illuminate\\Routing\\Router->group()
#6 /project/sandbox/user-workspace/chat-app/app/Providers/RouteServiceProvider.php(28): Illuminate\\Routing\\RouteRegistrar->group()
#7 /project/sandbox/user-workspace/chat-app/vendor/laravel/framework/src/Illuminate/Container/BoundMethod.php(36): App\\Providers\\RouteServiceProvider->App\\Providers\\{closure}()
#8 /project/sandbox/user-workspace/chat-app/vendor/laravel/framework/src/Illuminate/Container/Util.php(43): Illuminate\\Container\\BoundMethod::Illuminate\\Container\\{closure}()
#9 /project/sandbox/user-workspace/chat-app/vendor/laravel/framework/src/Illuminate/Container/BoundMethod.php(84): Illuminate\\Container\\Util::unwrapIfClosure()
#10 /project/sandbox/user-workspace/chat-app/vendor/laravel/framework/src/Illuminate/Container/BoundMethod.php(35): Illuminate\\Container\\BoundMethod::callBoundMethod()
#11 /project/sandbox/user-workspace/chat-app/vendor/laravel/framework/src/Illuminate/Container/Container.php(754): Illuminate\\Container\\BoundMethod::call()
#12 /project/sandbox/user-workspace/chat-app/vendor/laravel/framework/src/Illuminate/Foundation/Support/Providers/RouteServiceProvider.php(166): Illuminate\\Container\\Container->call()
#13 /project/sandbox/user-workspace/chat-app/vendor/laravel/framework/src/Illuminate/Foundation/Support/Providers/RouteServiceProvider.php(59): Illuminate\\Foundation\\Support\\Providers\\RouteServiceProvider->loadRoutes()
#14 /project/sandbox/user-workspace/chat-app/vendor/laravel/framework/src/Illuminate/Container/BoundMethod.php(36): Illuminate\\Foundation\\Support\\Providers\\RouteServiceProvider->Illuminate\\Foundation\\Support\\Providers\\{closure}()
#15 /project/sandbox/user-workspace/chat-app/vendor/laravel/framework/src/Illuminate/Container/Util.php(43): Illuminate\\Container\\BoundMethod::Illuminate\\Container\\{closure}()
#16 /project/sandbox/user-workspace/chat-app/vendor/laravel/framework/src/Illuminate/Container/BoundMethod.php(84): Illuminate\\Container\\Util::unwrapIfClosure()
#17 /project/sandbox/user-workspace/chat-app/vendor/laravel/framework/src/Illuminate/Container/BoundMethod.php(35): Illuminate\\Container\\BoundMethod::callBoundMethod()
#18 /project/sandbox/user-workspace/chat-app/vendor/laravel/framework/src/Illuminate/Container/Container.php(754): Illuminate\\Container\\BoundMethod::call()
#19 /project/sandbox/user-workspace/chat-app/vendor/laravel/framework/src/Illuminate/Support/ServiceProvider.php(143): Illuminate\\Container\\Container->call()
#20 /project/sandbox/user-workspace/chat-app/vendor/laravel/framework/src/Illuminate/Foundation/Application.php(1153): Illuminate\\Support\\ServiceProvider->callBootedCallbacks()
#21 /project/sandbox/user-workspace/chat-app/vendor/laravel/framework/src/Illuminate/Foundation/Application.php(1131): Illuminate\\Foundation\\Application->bootProvider()
#22 [internal function]: Illuminate\\Foundation\\Application->Illuminate\\Foundation\\{closure}()
#23 /project/sandbox/user-workspace/chat-app/vendor/laravel/framework/src/Illuminate/Foundation/Application.php(1130): array_walk()
#24 /project/sandbox/user-workspace/chat-app/vendor/laravel/framework/src/Illuminate/Foundation/Bootstrap/BootProviders.php(17): Illuminate\\Foundation\\Application->boot()
#25 /project/sandbox/user-workspace/chat-app/vendor/laravel/framework/src/Illuminate/Foundation/Application.php(341): Illuminate\\Foundation\\Bootstrap\\BootProviders->bootstrap()
#26 /project/sandbox/user-workspace/chat-app/vendor/laravel/framework/src/Illuminate/Foundation/Console/Kernel.php(473): Illuminate\\Foundation\\Application->bootstrapWith()
#27 /project/sandbox/user-workspace/chat-app/vendor/laravel/framework/src/Illuminate/Foundation/Console/Kernel.php(195): Illuminate\\Foundation\\Console\\Kernel->bootstrap()
#28 /project/sandbox/user-workspace/chat-app/vendor/laravel/framework/src/Illuminate/Foundation/Application.php(1234): Illuminate\\Foundation\\Console\\Kernel->handle()
#29 /project/sandbox/user-workspace/chat-app/artisan(16): Illuminate\\Foundation\\Application->handleCommand()
#30 {main}
"} 
